# JRE version: OpenJDK Runtime Environment (8.0_202-b03) (build 1.8.0_202-release-1483-b03)
# Java VM: OpenJDK 64-Bit Server VM (25.202-b03 mixed mode windows-amd64 compressed oops)
Heap:
 PSYoungGen      total 322560K, used 84068K [0x00000000e0000000, 0x00000000f8900000, 0x0000000100000000)
  eden space 291840K, 18% used [0x00000000e0000000,0x00000000e347c088,0x00000000f1d00000)
  from space 30720K, 98% used [0x00000000f6b00000,0x00000000f889d068,0x00000000f8900000)
  to   space 48640K, 0% used [0x00000000f2a00000,0x00000000f2a00000,0x00000000f5980000)
 ParOldGen       total 298496K, used 134980K [0x00000000a0000000, 0x00000000b2380000, 0x00000000e0000000)
  object space 298496K, 45% used [0x00000000a0000000,0x00000000a83d1150,0x00000000b2380000)
 Metaspace       used 95787K, capacity 100732K, committed 100760K, reserved 1136640K
  class space    used 12510K, capacity 13474K, committed 13480K, reserved 1048576K
GC Heap History (10 events):
Event: 91.317 GC heap before
{Heap before GC invocations=22 (full 4):
 PSYoungGen      total 292864K, used 267200K [0x00000000e0000000, 0x00000000f6e80000, 0x0000000100000000)
  eden space 245248K, 100% used [0x00000000e0000000,0x00000000eef80000,0x00000000eef80000)
  from space 47616K, 46% used [0x00000000eef80000,0x00000000f04f02b8,0x00000000f1e00000)
  to   space 46080K, 0% used [0x00000000f4180000,0x00000000f4180000,0x00000000f6e80000)
 ParOldGen       total 298496K, used 134940K [0x00000000a0000000, 0x00000000b2380000, 0x00000000e0000000)
  object space 298496K, 45% used [0x00000000a0000000,0x00000000a83c7150,0x00000000b2380000)
 Metaspace       used 77911K, capacity 81032K, committed 81176K, reserved 1120256K
  class space    used 10378K, capacity 11036K, committed 11048K, reserved 1048576K
Event: 91.336 GC heap after
Heap after GC invocations=22 (full 4):
 PSYoungGen      total 311808K, used 19366K [0x00000000e0000000, 0x00000000f6380000, 0x0000000100000000)
  eden space 276992K, 0% used [0x00000000e0000000,0x00000000e0000000,0x00000000f0e80000)
  from space 34816K, 55% used [0x00000000f4180000,0x00000000f5469b40,0x00000000f6380000)
  to   space 43520K, 0% used [0x00000000f0e80000,0x00000000f0e80000,0x00000000f3900000)
 ParOldGen       total 298496K, used 134948K [0x00000000a0000000, 0x00000000b2380000, 0x00000000e0000000)
  object space 298496K, 45% used [0x00000000a0000000,0x00000000a83c9150,0x00000000b2380000)
 Metaspace       used 77911K, capacity 81032K, committed 81176K, reserved 1120256K
  class space    used 10378K, capacity 11036K, committed 11048K, reserved 1048576K
}
Event: 152.201 GC heap before
{Heap before GC invocations=23 (full 4):
 PSYoungGen      total 311808K, used 296358K [0x00000000e0000000, 0x00000000f6380000, 0x0000000100000000)
  eden space 276992K, 100% used [0x00000000e0000000,0x00000000f0e80000,0x00000000f0e80000)
  from space 34816K, 55% used [0x00000000f4180000,0x00000000f5469b40,0x00000000f6380000)
  to   space 43520K, 0% used [0x00000000f0e80000,0x00000000f0e80000,0x00000000f3900000)
 ParOldGen       total 298496K, used 134948K [0x00000000a0000000, 0x00000000b2380000, 0x00000000e0000000)
  object space 298496K, 45% used [0x00000000a0000000,0x00000000a83c9150,0x00000000b2380000)
 Metaspace       used 83515K, capacity 86822K, committed 87064K, reserved 1124352K
  class space    used 11060K, capacity 11777K, committed 11816K, reserved 1048576K
Event: 152.226 GC heap after
Heap after GC invocations=23 (full 4):
 PSYoungGen      total 320512K, used 30167K [0x00000000e0000000, 0x00000000f8300000, 0x0000000100000000)
  eden space 276992K, 0% used [0x00000000e0000000,0x00000000e0000000,0x00000000f0e80000)
  from space 43520K, 69% used [0x00000000f0e80000,0x00000000f2bf5dd8,0x00000000f3900000)
  to   space 45056K, 0% used [0x00000000f5700000,0x00000000f5700000,0x00000000f8300000)
 ParOldGen       total 298496K, used 134956K [0x00000000a0000000, 0x00000000b2380000, 0x00000000e0000000)
  object space 298496K, 45% used [0x00000000a0000000,0x00000000a83cb150,0x00000000b2380000)
 Metaspace       used 83515K, capacity 86822K, committed 87064K, reserved 1124352K
  class space    used 11060K, capacity 11777K, committed 11816K, reserved 1048576K
}
Event: 159.338 GC heap before
{Heap before GC invocations=24 (full 4):
 PSYoungGen      total 320512K, used 307159K [0x00000000e0000000, 0x00000000f8300000, 0x0000000100000000)
  eden space 276992K, 100% used [0x00000000e0000000,0x00000000f0e80000,0x00000000f0e80000)
  from space 43520K, 69% used [0x00000000f0e80000,0x00000000f2bf5dd8,0x00000000f3900000)
  to   space 45056K, 0% used [0x00000000f5700000,0x00000000f5700000,0x00000000f8300000)
 ParOldGen       total 298496K, used 134956K [0x00000000a0000000, 0x00000000b2380000, 0x00000000e0000000)
  object space 298496K, 45% used [0x00000000a0000000,0x00000000a83cb150,0x00000000b2380000)
 Metaspace       used 85954K, capacity 89404K, committed 89496K, reserved 1126400K
  class space    used 11399K, capacity 12154K, committed 12200K, reserved 1048576K
Event: 159.362 GC heap after
Heap after GC invocations=24 (full 4):
 PSYoungGen      total 342016K, used 25477K [0x00000000e0000000, 0x00000000f7e00000, 0x0000000100000000)
  eden space 302080K, 0% used [0x00000000e0000000,0x00000000e0000000,0x00000000f2700000)
  from space 39936K, 63% used [0x00000000f5700000,0x00000000f6fe17e8,0x00000000f7e00000)
  to   space 44544K, 0% used [0x00000000f2700000,0x00000000f2700000,0x00000000f5280000)
 ParOldGen       total 298496K, used 134964K [0x00000000a0000000, 0x00000000b2380000, 0x00000000e0000000)
  object space 298496K, 45% used [0x00000000a0000000,0x00000000a83cd150,0x00000000b2380000)
 Metaspace       used 85954K, capacity 89404K, committed 89496K, reserved 1126400K
  class space    used 11399K, capacity 12154K, committed 12200K, reserved 1048576K
}
Event: 342.723 GC heap before
{Heap before GC invocations=25 (full 4):
 PSYoungGen      total 342016K, used 327557K [0x00000000e0000000, 0x00000000f7e00000, 0x0000000100000000)
  eden space 302080K, 100% used [0x00000000e0000000,0x00000000f2700000,0x00000000f2700000)
  from space 39936K, 63% used [0x00000000f5700000,0x00000000f6fe17e8,0x00000000f7e00000)
  to   space 44544K, 0% used [0x00000000f2700000,0x00000000f2700000,0x00000000f5280000)
 ParOldGen       total 298496K, used 134964K [0x00000000a0000000, 0x00000000b2380000, 0x00000000e0000000)
  object space 298496K, 45% used [0x00000000a0000000,0x00000000a83cd150,0x00000000b2380000)
 Metaspace       used 93419K, capacity 97864K, committed 97944K, reserved 1134592K
  class space    used 12273K, capacity 13182K, committed 13224K, reserved 1048576K
Event: 342.756 GC heap after
Heap after GC invocations=25 (full 4):
 PSYoungGen      total 346624K, used 37479K [0x00000000e0000000, 0x00000000f9a00000, 0x0000000100000000)
  eden space 302080K, 0% used [0x00000000e0000000,0x00000000e0000000,0x00000000f2700000)
  from space 44544K, 84% used [0x00000000f2700000,0x00000000f4b99d28,0x00000000f5280000)
  to   space 48128K, 0% used [0x00000000f6b00000,0x00000000f6b00000,0x00000000f9a00000)
 ParOldGen       total 298496K, used 134972K [0x00000000a0000000, 0x00000000b2380000, 0x00000000e0000000)
  object space 298496K, 45% used [0x00000000a0000000,0x00000000a83cf150,0x00000000b2380000)
 Metaspace       used 93419K, capacity 97864K, committed 97944K, reserved 1134592K
  class space    used 12273K, capacity 13182K, committed 13224K, reserved 1048576K
}
Event: 1524.917 GC heap before
{Heap before GC invocations=26 (full 4):
 PSYoungGen      total 346624K, used 339559K [0x00000000e0000000, 0x00000000f9a00000, 0x0000000100000000)
  eden space 302080K, 100% used [0x00000000e0000000,0x00000000f2700000,0x00000000f2700000)
  from space 44544K, 84% used [0x00000000f2700000,0x00000000f4b99d28,0x00000000f5280000)
  to   space 48128K, 0% used [0x00000000f6b00000,0x00000000f6b00000,0x00000000f9a00000)
 ParOldGen       total 298496K, used 134972K [0x00000000a0000000, 0x00000000b2380000, 0x00000000e0000000)
  object space 298496K, 45% used [0x00000000a0000000,0x00000000a83cf150,0x00000000b2380000)
 Metaspace       used 95357K, capacity 100264K, committed 100504K, reserved 1136640K
  class space    used 12475K, capacity 13424K, committed 13480K, reserved 1048576K
Event: 1524.941 GC heap after
Heap after GC invocations=26 (full 4):
 PSYoungGen      total 322560K, used 30324K [0x00000000e0000000, 0x00000000f8900000, 0x0000000100000000)
  eden space 291840K, 0% used [0x00000000e0000000,0x00000000e0000000,0x00000000f1d00000)
  from space 30720K, 98% used [0x00000000f6b00000,0x00000000f889d068,0x00000000f8900000)
  to   space 48640K, 0% used [0x00000000f2a00000,0x00000000f2a00000,0x00000000f5980000)
 ParOldGen       total 298496K, used 134980K [0x00000000a0000000, 0x00000000b2380000, 0x00000000e0000000)
  object space 298496K, 45% used [0x00000000a0000000,0x00000000a83d1150,0x00000000b2380000)
 Metaspace       used 95357K, capacity 100264K, committed 100504K, reserved 1136640K
  class space    used 12475K, capacity 13424K, committed 13480K, reserved 1048576K
}

