# JRE version: OpenJDK Runtime Environment (8.0_202-b03) (build 1.8.0_202-release-1483-b03)
# Java VM: OpenJDK 64-Bit Server VM (25.202-b03 mixed mode windows-amd64 compressed oops)
Heap:
 PSYoungGen      total 450048K, used 185312K [0x00000000e0000000, 0x0000000100000000, 0x0000000100000000)
  eden space 375808K, 37% used [0x00000000e0000000,0x00000000e8adf408,0x00000000f6f00000)
  from space 74240K, 58% used [0x00000000f6f00000,0x00000000f9918e08,0x00000000fb780000)
  to   space 73216K, 0% used [0x00000000fb880000,0x00000000fb880000,0x0000000100000000)
 ParOldGen       total 206848K, used 58530K [0x00000000a0000000, 0x00000000aca00000, 0x00000000e0000000)
  object space 206848K, 28% used [0x00000000a0000000,0x00000000a3928bd8,0x00000000aca00000)
 Metaspace       used 99469K, capacity 104314K, committed 104408K, reserved 1140736K
  class space    used 12567K, capacity 13498K, committed 13568K, reserved 1048576K
GC Heap History (10 events):
Event: 2271.189 GC heap before
{Heap before GC invocations=35 (full 4):
 PSYoungGen      total 449536K, used 426453K [0x00000000e0000000, 0x00000000ffe00000, 0x0000000100000000)
  eden space 382976K, 100% used [0x00000000e0000000,0x00000000f7600000,0x00000000f7600000)
  from space 66560K, 65% used [0x00000000fbd00000,0x00000000fe775448,0x00000000ffe00000)
  to   space 69632K, 0% used [0x00000000f7600000,0x00000000f7600000,0x00000000fba00000)
 ParOldGen       total 206848K, used 58514K [0x00000000a0000000, 0x00000000aca00000, 0x00000000e0000000)
  object space 206848K, 28% used [0x00000000a0000000,0x00000000a3924bd8,0x00000000aca00000)
 Metaspace       used 93125K, capacity 97836K, committed 98136K, reserved 1134592K
  class space    used 11884K, capacity 12819K, committed 12928K, reserved 1048576K
Event: 2271.207 GC heap after
Heap after GC invocations=35 (full 4):
 PSYoungGen      total 452608K, used 27005K [0x00000000e0000000, 0x00000000ffd00000, 0x0000000100000000)
  eden space 382976K, 0% used [0x00000000e0000000,0x00000000e0000000,0x00000000f7600000)
  from space 69632K, 38% used [0x00000000f7600000,0x00000000f905f480,0x00000000fba00000)
  to   space 66560K, 0% used [0x00000000fbc00000,0x00000000fbc00000,0x00000000ffd00000)
 ParOldGen       total 206848K, used 58522K [0x00000000a0000000, 0x00000000aca00000, 0x00000000e0000000)
  object space 206848K, 28% used [0x00000000a0000000,0x00000000a3926bd8,0x00000000aca00000)
 Metaspace       used 93125K, capacity 97836K, committed 98136K, reserved 1134592K
  class space    used 11884K, capacity 12819K, committed 12928K, reserved 1048576K
}
Event: 2279.121 GC heap before
{Heap before GC invocations=36 (full 4):
 PSYoungGen      total 452608K, used 409981K [0x00000000e0000000, 0x00000000ffd00000, 0x0000000100000000)
  eden space 382976K, 100% used [0x00000000e0000000,0x00000000f7600000,0x00000000f7600000)
  from space 69632K, 38% used [0x00000000f7600000,0x00000000f905f480,0x00000000fba00000)
  to   space 66560K, 0% used [0x00000000fbc00000,0x00000000fbc00000,0x00000000ffd00000)
 ParOldGen       total 206848K, used 58522K [0x00000000a0000000, 0x00000000aca00000, 0x00000000e0000000)
  object space 206848K, 28% used [0x00000000a0000000,0x00000000a3926bd8,0x00000000aca00000)
 Metaspace       used 99170K, capacity 104014K, committed 104152K, reserved 1140736K
  class space    used 12540K, capacity 13476K, committed 13568K, reserved 1048576K
Event: 2279.159 GC heap after
Heap after GC invocations=36 (full 4):
 PSYoungGen      total 419840K, used 45451K [0x00000000e0000000, 0x00000000fee00000, 0x0000000100000000)
  eden space 368640K, 0% used [0x00000000e0000000,0x00000000e0000000,0x00000000f6800000)
  from space 51200K, 88% used [0x00000000fbc00000,0x00000000fe862ca0,0x00000000fee00000)
  to   space 68608K, 0% used [0x00000000f6800000,0x00000000f6800000,0x00000000fab00000)
 ParOldGen       total 206848K, used 58530K [0x00000000a0000000, 0x00000000aca00000, 0x00000000e0000000)
  object space 206848K, 28% used [0x00000000a0000000,0x00000000a3928bd8,0x00000000aca00000)
 Metaspace       used 99170K, capacity 104014K, committed 104152K, reserved 1140736K
  class space    used 12540K, capacity 13476K, committed 13568K, reserved 1048576K
}
Event: 2280.299 GC heap before
{Heap before GC invocations=37 (full 4):
 PSYoungGen      total 419840K, used 414091K [0x00000000e0000000, 0x00000000fee00000, 0x0000000100000000)
  eden space 368640K, 100% used [0x00000000e0000000,0x00000000f6800000,0x00000000f6800000)
  from space 51200K, 88% used [0x00000000fbc00000,0x00000000fe862ca0,0x00000000fee00000)
  to   space 68608K, 0% used [0x00000000f6800000,0x00000000f6800000,0x00000000fab00000)
 ParOldGen       total 206848K, used 58530K [0x00000000a0000000, 0x00000000aca00000, 0x00000000e0000000)
  object space 206848K, 28% used [0x00000000a0000000,0x00000000a3928bd8,0x00000000aca00000)
 Metaspace       used 99245K, capacity 104030K, committed 104152K, reserved 1140736K
  class space    used 12548K, capacity 13478K, committed 13568K, reserved 1048576K
Event: 2280.354 GC heap after
Heap after GC invocations=37 (full 4):
 PSYoungGen      total 437248K, used 49871K [0x00000000e0000000, 0x0000000100000000, 0x0000000100000000)
  eden space 368640K, 0% used [0x00000000e0000000,0x00000000e0000000,0x00000000f6800000)
  from space 68608K, 72% used [0x00000000f6800000,0x00000000f98b3fb0,0x00000000fab00000)
  to   space 71680K, 0% used [0x00000000fba00000,0x00000000fba00000,0x0000000100000000)
 ParOldGen       total 206848K, used 58530K [0x00000000a0000000, 0x00000000aca00000, 0x00000000e0000000)
  object space 206848K, 28% used [0x00000000a0000000,0x00000000a3928bd8,0x00000000aca00000)
 Metaspace       used 99245K, capacity 104030K, committed 104152K, reserved 1140736K
  class space    used 12548K, capacity 13478K, committed 13568K, reserved 1048576K
}
Event: 2281.588 GC heap before
{Heap before GC invocations=38 (full 4):
 PSYoungGen      total 437248K, used 418511K [0x00000000e0000000, 0x0000000100000000, 0x0000000100000000)
  eden space 368640K, 100% used [0x00000000e0000000,0x00000000f6800000,0x00000000f6800000)
  from space 68608K, 72% used [0x00000000f6800000,0x00000000f98b3fb0,0x00000000fab00000)
  to   space 71680K, 0% used [0x00000000fba00000,0x00000000fba00000,0x0000000100000000)
 ParOldGen       total 206848K, used 58530K [0x00000000a0000000, 0x00000000aca00000, 0x00000000e0000000)
  object space 206848K, 28% used [0x00000000a0000000,0x00000000a3928bd8,0x00000000aca00000)
 Metaspace       used 99322K, capacity 104164K, committed 104408K, reserved 1140736K
  class space    used 12550K, capacity 13479K, committed 13568K, reserved 1048576K
Event: 2281.630 GC heap after
Heap after GC invocations=38 (full 4):
 PSYoungGen      total 447488K, used 51651K [0x00000000e0000000, 0x0000000100000000, 0x0000000100000000)
  eden space 375808K, 0% used [0x00000000e0000000,0x00000000e0000000,0x00000000f6f00000)
  from space 71680K, 72% used [0x00000000fba00000,0x00000000fec70cb8,0x0000000100000000)
  to   space 74240K, 0% used [0x00000000f6f00000,0x00000000f6f00000,0x00000000fb780000)
 ParOldGen       total 206848K, used 58530K [0x00000000a0000000, 0x00000000aca00000, 0x00000000e0000000)
  object space 206848K, 28% used [0x00000000a0000000,0x00000000a3928bd8,0x00000000aca00000)
 Metaspace       used 99322K, capacity 104164K, committed 104408K, reserved 1140736K
  class space    used 12550K, capacity 13479K, committed 13568K, reserved 1048576K
}
Event: 2284.020 GC heap before
{Heap before GC invocations=39 (full 4):
 PSYoungGen      total 447488K, used 427258K [0x00000000e0000000, 0x0000000100000000, 0x0000000100000000)
  eden space 375808K, 99% used [0x00000000e0000000,0x00000000f6ecdd20,0x00000000f6f00000)
  from space 71680K, 72% used [0x00000000fba00000,0x00000000fec70cb8,0x0000000100000000)
  to   space 74240K, 0% used [0x00000000f6f00000,0x00000000f6f00000,0x00000000fb780000)
 ParOldGen       total 206848K, used 58530K [0x00000000a0000000, 0x00000000aca00000, 0x00000000e0000000)
  object space 206848K, 28% used [0x00000000a0000000,0x00000000a3928bd8,0x00000000aca00000)
 Metaspace       used 99412K, capacity 104250K, committed 104408K, reserved 1140736K
  class space    used 12565K, capacity 13498K, committed 13568K, reserved 1048576K
Event: 2284.077 GC heap after
Heap after GC invocations=39 (full 4):
 PSYoungGen      total 450048K, used 43107K [0x00000000e0000000, 0x0000000100000000, 0x0000000100000000)
  eden space 375808K, 0% used [0x00000000e0000000,0x00000000e0000000,0x00000000f6f00000)
  from space 74240K, 58% used [0x00000000f6f00000,0x00000000f9918e08,0x00000000fb780000)
  to   space 73216K, 0% used [0x00000000fb880000,0x00000000fb880000,0x0000000100000000)
 ParOldGen       total 206848K, used 58530K [0x00000000a0000000, 0x00000000aca00000, 0x00000000e0000000)
  object space 206848K, 28% used [0x00000000a0000000,0x00000000a3928bd8,0x00000000aca00000)
 Metaspace       used 99412K, capacity 104250K, committed 104408K, reserved 1140736K
  class space    used 12565K, capacity 13498K, committed 13568K, reserved 1048576K
}

